[2023-06-18T15:42:18.546959+02:00] chat-app.INFO: Chat page accessed [] []
[2023-06-18T15:57:29.687094+02:00] chat-app.INFO: Chat page accessed [] []
[2023-06-18T16:12:33.031849+02:00] chat-app.INFO: Chat page accessed [] []
[2023-06-18T16:28:36.459243+02:00] chat-app.INFO: Chat page accessed [] []
[2023-06-18T16:29:28.776086+02:00] chat-app.DEBUG: Chat page accessed [] []
[2023-06-18T16:30:24.988839+02:00] chat-app.DEBUG: Chat page accessed [] []
[2023-06-18T16:30:51.858134+02:00] chat-app.DEBUG: Chat page accessed [] []
[2023-06-18T16:37:43.616973+02:00] chat-app.INFO: Chat page accessed [] []
[2023-06-18T17:19:42.944570+02:00] chat-app.INFO: Operation successful [] []
[2023-06-18T17:24:51.525984+02:00] chat-app.ERROR: User already exists with the given name. [] []
[2023-06-18T17:25:31.380461+02:00] chat-app.ERROR: User already exists with the given name. [] []
[2023-06-18T17:25:37.312504+02:00] chat-app.INFO: Operation successful [] []
[2023-06-18T17:38:48.957197+02:00] chat-app.ERROR: User details are missing. [] []
[2023-06-18T18:10:19.457485+02:00] chat-app.ERROR: Chat group details are missing. [] []
[2023-06-18T18:41:42.507381+02:00] chat-app.ERROR: Chat group does not exist. [] []
[2023-06-18T18:46:38.850055+02:00] chat-app.ERROR: Chat group does not exist. [] []
[2023-06-18T19:03:21.063265+02:00] chat-app.ERROR: Chat group does not exist. [] []
[2023-06-19T00:55:59.289829+02:00] chat-app.ERROR: Chat group does not exist. [] []
[2023-06-19T01:16:48.221208+02:00] chat-app.ERROR: Chat group does not exist. [] []
[2023-06-19T01:16:48.953410+02:00] chat-app.ERROR: Chat group does not exist. [] []
[2023-06-19T01:19:27.196235+02:00] chat-app.ERROR: Request parameters are missing while fetching messages for chat. [] []
[2023-06-19T01:49:45.854315+02:00] chat-app.ERROR: Request parameters are missing while fetching messages for chat. [] []
[2023-06-19T01:51:24.453589+02:00] chat-app.ERROR: Chat group does not exist. [] []
[2023-06-19T01:54:53.654675+02:00] chat-app.ERROR: Chat group does not exist. [] []
[2023-06-19T01:55:45.484106+02:00] chat-app.ERROR: User is not active in the group, needs to rejoin. [] []
[2023-06-19T02:05:17.600656+02:00] chat-app.INFO: Fetching messages for chat group [] []
[2023-06-19T03:41:37.063850+02:00] chat-app.INFO: Fetching messages for chat group [] []
[2023-06-19T03:42:57.109781+02:00] chat-app.INFO: Fetching messages for chat group [] []
[2023-06-19T03:44:30.249761+02:00] chat-app.INFO: Fetching messages for chat group [] []
[2023-06-19T03:49:09.828863+02:00] chat-app.INFO: Fetching messages for chat group [] []
[2023-06-19T04:37:39.845267+02:00] chat-app.INFO: Operation successful for fetching user details request. [] []
[2023-06-19T04:40:59.453406+02:00] chat-app.INFO: Operation successful for fetching user details request. [] []
[2023-06-19T04:40:59.479777+02:00] chat-app.INFO: Operation successful for user create request. [] []
[2023-06-19T04:41:52.353392+02:00] chat-app.INFO: Operation successful for fetching user details request. [] []
[2023-06-19T04:41:52.374141+02:00] chat-app.ERROR: User already exists with the given name. [] []
[2023-06-19T04:42:28.589931+02:00] chat-app.INFO: Operation successful for fetching user details request. [] []
[2023-06-19T04:42:28.610316+02:00] chat-app.ERROR: User already exists with the given name. [] []
[2023-06-19T04:43:15.788330+02:00] chat-app.INFO: Operation successful for user create request. [] []
[2023-06-19T04:43:22.504874+02:00] chat-app.ERROR: User already exists with the given name. [] []
[2023-06-19T04:43:36.467402+02:00] chat-app.INFO: Operation successful for fetching user details request. [] []
[2023-06-19T04:43:36.487711+02:00] chat-app.ERROR: User already exists with the given name. [] []
[2023-06-19T04:44:32.846990+02:00] chat-app.INFO: Operation successful for fetching user details request. [] []
[2023-06-19T04:44:32.869326+02:00] chat-app.INFO: Operation successful for user create request. [] []
[2023-06-19T09:12:51.114301+02:00] chat-app.INFO: Operation successful for user create request. [] []
[2023-06-19T09:14:19.820907+02:00] chat-app.INFO: Operation successful for fetching user details request. [] []
[2023-06-19T09:14:19.843044+02:00] chat-app.ERROR: User already exists with the given name. [] []
[2023-06-19T09:21:01.104598+02:00] chat-app.INFO: Operation successful for fetching user details request. [] []
[2023-06-19T09:21:01.125648+02:00] chat-app.INFO: Operation successful for user create request. [] []
[2023-06-19T09:21:01.138178+02:00] chat-app.INFO: Operation successful for fetching user details request. [] []
[2023-06-19T09:21:01.151759+02:00] chat-app.ERROR: User already exists with the given name. [] []
[2023-06-19T09:29:47.828248+02:00] chat-app.INFO: Operation successful for fetching user details request. [] []
[2023-06-19T09:29:47.848607+02:00] chat-app.ERROR: User already exists with the given name. [] []
[2023-06-19T09:29:47.871374+02:00] chat-app.INFO: Operation successful for fetching user details request. [] []
[2023-06-19T09:32:06.080011+02:00] chat-app.INFO: Operation successful for fetching user details request. [] []
[2023-06-19T09:32:06.100134+02:00] chat-app.ERROR: User already exists with the given name. [] []
[2023-06-19T09:32:06.122473+02:00] chat-app.INFO: Operation successful for fetching user details request. [] []
[2023-06-19T09:32:06.135625+02:00] chat-app.ERROR: User already exists with the given name. [] []
[2023-06-19T09:37:13.916121+02:00] chat-app.INFO: Operation successful for fetching user details request. [] []
[2023-06-19T09:37:13.935915+02:00] chat-app.ERROR: User already exists with the given name. [] []
[2023-06-19T09:37:13.960841+02:00] chat-app.ERROR: User creation unsuccessful. [] []
[2023-06-19T09:37:13.973228+02:00] chat-app.ERROR: User creation unsuccessful. [] []
[2023-06-19T11:41:48.394318+02:00] chat-app.ERROR: User already exists with the given name. [] []
[2023-06-19T12:47:01.994688+02:00] chat-app.ERROR: User details are missing. [] []
[2023-06-19T12:56:53.335199+02:00] chat-app.INFO: Operation successful for fetching user details request. [] []
[2023-06-19T12:56:53.361666+02:00] chat-app.INFO: Operation successful for user create request. [] []
[2023-06-19T12:56:53.383235+02:00] chat-app.ERROR: User creation unsuccessful. [] []
[2023-06-19T13:02:41.381311+02:00] chat-app.INFO: Operation successful for fetching user details request. [] []
[2023-06-19T13:02:41.402877+02:00] chat-app.ERROR: User creation unsuccessful. [] []
[2023-06-19T13:02:41.424839+02:00] chat-app.ERROR: User creation unsuccessful. [] []
[2023-06-19T13:03:35.606450+02:00] chat-app.INFO: Operation successful for fetching user details request. [] []
[2023-06-19T13:03:35.633904+02:00] chat-app.ERROR: User creation unsuccessful. [] []
[2023-06-19T13:03:35.656683+02:00] chat-app.ERROR: User creation unsuccessful. [] []
[2023-06-19T13:04:33.201221+02:00] chat-app.INFO: Operation successful for fetching user details request. [] []
[2023-06-19T13:05:37.003181+02:00] chat-app.INFO: Operation successful for fetching user details request. [] []
[2023-06-19T13:05:37.025517+02:00] chat-app.INFO: Operation successful for user create request. [] []
[2023-06-19T13:05:37.047096+02:00] chat-app.ERROR: User already exists with the given name. [] []
[2023-06-19T13:16:40.100230+02:00] chat-app.ERROR: Chat group details are missing. [] []
[2023-06-19T13:34:24.190570+02:00] chat-app.ERROR: Chat group already exists with this name. [] []
[2023-06-19T13:34:24.203751+02:00] chat-app.ERROR: Chat group details are missing. [] []
[2023-06-19T14:13:09.055850+02:00] chat-app.ERROR: Chat group already exists with this name. [] []
[2023-06-19T14:13:09.083782+02:00] chat-app.ERROR: Chat group already exists with this name. [] []
[2023-06-19T14:13:09.097074+02:00] chat-app.ERROR: Chat group details are missing. [] []
[2023-06-19T14:13:45.291399+02:00] chat-app.ERROR: Chat group already exists with this name. [] []
[2023-06-19T14:13:45.304710+02:00] chat-app.ERROR: Chat group details are missing. [] []
[2023-06-19T14:58:53.639014+02:00] chat-app.ERROR: Chat group already exists with this name. [] []
[2023-06-19T14:58:53.670365+02:00] chat-app.ERROR: Chat group already exists with this name. [] []
[2023-06-19T14:58:53.689262+02:00] chat-app.ERROR: Chat group details are missing. [] []
[2023-06-19T14:58:53.719373+02:00] chat-app.ERROR: Chat group does not exist. [] []
[2023-06-19T14:59:45.763060+02:00] chat-app.ERROR: Chat group already exists with this name. [] []
[2023-06-19T14:59:45.804416+02:00] chat-app.ERROR: Chat group details are missing. [] []
[2023-06-19T14:59:45.832691+02:00] chat-app.ERROR: Chat group does not exist. [] []
[2023-06-19T15:00:47.794125+02:00] chat-app.ERROR: Chat group already exists with this name. [] []
[2023-06-19T15:00:47.807414+02:00] chat-app.ERROR: Chat group details are missing. [] []
[2023-06-19T15:00:47.835008+02:00] chat-app.ERROR: Chat group does not exist. [] []
[2023-06-19T15:06:41.807244+02:00] chat-app.ERROR: User is not active in the group, needs to rejoin. [] []
[2023-06-19T15:07:08.296721+02:00] chat-app.INFO: Creating new chat for sending messages. [] []
[2023-06-19T15:07:08.297725+02:00] chat-app.INFO: Creating new message for chat. [] []
[2023-06-19T15:08:06.065856+02:00] chat-app.INFO: Adding messages to existing chat. [] []
[2023-06-19T15:09:12.075427+02:00] chat-app.INFO: Adding messages to existing chat. [] []
[2023-06-19T15:11:06.329056+02:00] chat-app.INFO: Adding messages to existing chat. [] []
[2023-06-19T15:11:06.348151+02:00] chat-app.ERROR: Message details are missing. [] []
[2023-06-19T15:12:19.230391+02:00] chat-app.INFO: Adding messages to existing chat. [] []
[2023-06-19T15:12:19.250504+02:00] chat-app.ERROR: Message details are missing. [] []
[2023-06-19T15:12:19.262939+02:00] chat-app.ERROR: Message details are missing. [] []
[2023-06-19T15:12:40.232741+02:00] chat-app.INFO: Adding messages to existing chat. [] []
[2023-06-19T15:12:40.251939+02:00] chat-app.ERROR: Message details are missing. [] []
[2023-06-19T15:12:40.264608+02:00] chat-app.ERROR: Chat group does not exist. [] []
[2023-06-19T15:12:56.001803+02:00] chat-app.INFO: Adding messages to existing chat. [] []
[2023-06-19T15:12:56.021881+02:00] chat-app.ERROR: Message details are missing. [] []
[2023-06-19T15:12:56.034951+02:00] chat-app.ERROR: Chat group does not exist. [] []
[2023-06-19T15:35:22.513538+02:00] chat-app.INFO: Operation successful for user create request. [] []
[2023-06-19T15:38:19.289105+02:00] chat-app.INFO: Operation successful for fetching user details request. [] []
[2023-06-19T16:15:39.949652+02:00] chat-app.ERROR: User is not active in the group, needs to rejoin. [] []
[2023-06-19T16:15:39.989415+02:00] chat-app.ERROR: Message details are missing. [] []
[2023-06-19T16:15:40.003276+02:00] chat-app.ERROR: Chat group does not exist. [] []
[2023-06-19T16:48:28.843496+02:00] chat-app.INFO: Operation successful for fetching user details request. [] []
[2023-06-19T16:48:28.884012+02:00] chat-app.INFO: Operation successful for user create request. [] []
[2023-06-19T16:48:28.900098+02:00] chat-app.ERROR: User already exists with the given name. [] []
[2023-06-19T16:52:45.332153+02:00] chat-app.INFO: Operation successful for user create request. [] []
[2023-06-19T16:52:45.353106+02:00] chat-app.INFO: Operation successful for fetching user details request. [] []
[2023-06-19T16:52:45.375214+02:00] chat-app.ERROR: User already exists with the given name. [] []
[2023-06-19T16:53:17.563876+02:00] chat-app.ERROR: Chat group already exists with this name. [] []
[2023-06-19T16:53:17.579268+02:00] chat-app.ERROR: Chat group details are missing. [] []
[2023-06-19T16:53:17.609541+02:00] chat-app.ERROR: Chat group does not exist. [] []
[2023-06-19T16:53:40.626170+02:00] chat-app.INFO: Creating new chat for sending messages. [] []
[2023-06-19T16:53:40.627278+02:00] chat-app.INFO: Creating new message for chat. [] []
[2023-06-19T16:53:40.649259+02:00] chat-app.ERROR: Message details are missing. [] []
[2023-06-19T16:53:40.662894+02:00] chat-app.ERROR: Chat group does not exist. [] []
[2023-06-19T16:55:48.035285+02:00] chat-app.INFO: Operation successful for user create request. [] []
[2023-06-19T16:56:08.907522+02:00] chat-app.INFO: Operation successful for fetching user details request. [] []
[2023-06-19T16:57:24.330696+02:00] chat-app.ERROR: User is not active in the group, needs to rejoin. [] []
[2023-06-19T16:57:37.608014+02:00] chat-app.INFO: Creating new chat for sending messages. [] []
[2023-06-19T16:57:37.609569+02:00] chat-app.INFO: Creating new message for chat. [] []
[2023-06-19T16:57:49.625842+02:00] chat-app.INFO: Fetching messages for chat group [] []
